"Start of log file."
"C:/Users/EDGARO~1/DOCUME~1/PROYEC~1/Assets/ESTRUC~2.MAX"
"Starting max loading and fbx conversion"
window = undefined
"Settings units"
"Before fbx export"
"After fbx export"
"Finished max loading and fbx conversion"
"C:/Users/EDGARO~1/DOCUME~1/PROYEC~1/Assets/ESTRUC~2.MAX"
"Starting max loading and fbx conversion"
window = undefined
"Settings units"
"Before fbx export"
"After fbx export"
"Finished max loading and fbx conversion"
"C:/Users/EDGARO~1/DOCUME~1/PROYEC~1/Assets/ESTRUC~2.MAX"
"Starting max loading and fbx conversion"
window = undefined
"Settings units"
"Before fbx export"
"After fbx export"
"Finished max loading and fbx conversion"
"C:/Users/EDGARO~1/DOCUME~1/PROYEC~1/Assets/ESTRUC~2.MAX"
"Starting max loading and fbx conversion"
window = undefined
"Settings units"
"Before fbx export"
"After fbx export"
"Finished max loading and fbx conversion"
"C:/Users/EDGARO~1/DOCUME~1/PROYEC~1/Assets/ESTRUC~2.MAX"
"Starting max loading and fbx conversion"
window = undefined
"Settings units"
"Before fbx export"
"After fbx export"
"Finished max loading and fbx conversion"
"C:/Users/EDGARO~1/DOCUME~1/PROYEC~1/Assets/ESTRUC~2.MAX"
"Starting max loading and fbx conversion"
window = undefined
"Settings units"
"Before fbx export"
"After fbx export"
"Finished max loading and fbx conversion"
"C:/Users/EDGARO~1/DOCUME~1/PROYEC~1/Assets/ESTRUC~2.MAX"
"Starting max loading and fbx conversion"
window = undefined
"Settings units"
"Before fbx export"
"After fbx export"
"Finished max loading and fbx conversion"
"C:/Users/EDGARO~1/DOCUME~1/PROYEC~1/Assets/ESTRUC~2.MAX"
"Starting max loading and fbx conversion"
window = undefined
"Settings units"
"Before fbx export"
"After fbx export"
"Finished max loading and fbx conversion"
"C:/Users/EDGARO~1/DOCUME~1/PROYEC~1/Assets/ESTRUC~2.MAX"
"Starting max loading and fbx conversion"
window = undefined
"Settings units"
"Before fbx export"
"After fbx export"
"Finished max loading and fbx conversion"
"C:/Users/EDGARO~1/DOCUME~1/PROYEC~1/Assets/ESTRUC~2.MAX"
"Starting max loading and fbx conversion"
window = undefined
"Settings units"
"Before fbx export"
"After fbx export"
"Finished max loading and fbx conversion"
"C:/Users/EDGARO~1/DOCUME~1/PROYEC~1/Assets/ESTRUC~2.MAX"
"Starting max loading and fbx conversion"
window = undefined
"Settings units"
"Before fbx export"
"After fbx export"
"Finished max loading and fbx conversion"
"C:/Users/EDGARO~1/DOCUME~1/PROYEC~1/Assets/ESTRUC~2.MAX"
"Starting max loading and fbx conversion"
window = undefined
"Settings units"
"Before fbx export"
"After fbx export"
"Finished max loading and fbx conversion"
"C:/Users/EDGARO~1/DOCUME~1/PROYEC~1/Assets/ESTRUC~2.MAX"
"Starting max loading and fbx conversion"
window = undefined
"Settings units"
"Before fbx export"
"After fbx export"
"Finished max loading and fbx conversion"
"C:/Users/EDGARO~1/DOCUME~1/PROYEC~1/Assets/ESTRUC~2.MAX"
"Starting max loading and fbx conversion"
window = undefined
"Settings units"
"Before fbx export"
"After fbx export"
"Finished max loading and fbx conversion"
"C:/Users/EDGARO~1/DOCUME~1/PROYEC~1/Assets/ESTRUC~1.MAX"
"Starting max loading and fbx conversion"
window = undefined
"Settings units"
"Before fbx export"
"After fbx export"
"Finished max loading and fbx conversion"
"C:/Users/EDGARO~1/DOCUME~1/PROYEC~1/Assets/ESTRUC~1.MAX"
"Starting max loading and fbx conversion"
window = undefined
"Settings units"
"Before fbx export"
"After fbx export"
"Finished max loading and fbx conversion"
"C:/Users/EDGARO~1/DOCUME~1/PROYEC~1/Assets/ESTRUC~1.MAX"
"Starting max loading and fbx conversion"
window = undefined
"Settings units"
"Before fbx export"
"After fbx export"
"Finished max loading and fbx conversion"
"C:/Users/EDGARO~1/DOCUME~1/PROYEC~1/Assets/ESTRUC~3.MAX"
"Starting max loading and fbx conversion"
window = undefined
"Settings units"
"Before fbx export"
"After fbx export"
"Finished max loading and fbx conversion"
"C:/Users/EDGARO~1/DOCUME~1/PROYEC~1/Assets/ESTRUC~3.MAX"
"Starting max loading and fbx conversion"
window = undefined
"Settings units"
"Before fbx export"
"After fbx export"
"Finished max loading and fbx conversion"
"C:/Users/EDGARO~1/DOCUME~1/PROYEC~1/Assets/ESTRUC~3.MAX"
"Starting max loading and fbx conversion"
window = undefined
"Settings units"
"Before fbx export"
"After fbx export"
"Finished max loading and fbx conversion"
"C:/Users/EDGARO~1/DOCUME~1/PROYEC~1/Assets/ESTRUC~3.MAX"
"Starting max loading and fbx conversion"
window = undefined
"Settings units"
"Before fbx export"
"After fbx export"
"Finished max loading and fbx conversion"
"C:/Users/EDGARO~1/DOCUME~1/PROYEC~1/Assets/ESTRUC~3.MAX"
"Starting max loading and fbx conversion"
window = undefined
"Settings units"
"Before fbx export"
"After fbx export"
"Finished max loading and fbx conversion"
"C:/Users/EDGARO~1/DOCUME~1/PROYEC~1/Assets/ESTRUC~3.MAX"
"Starting max loading and fbx conversion"
window = undefined
"Settings units"
"Before fbx export"
"After fbx export"
"Finished max loading and fbx conversion"
"C:/Users/EDGARO~1/DOCUME~1/PROYEC~1/Assets/ESTRUC~3.MAX"
"Starting max loading and fbx conversion"
window = undefined
"Settings units"
"Before fbx export"
"After fbx export"
"Finished max loading and fbx conversion"
"C:/Users/EDGARO~1/DOCUME~1/PROYEC~1/Assets/ESTRUC~3.MAX"
"Starting max loading and fbx conversion"
window = undefined
"Settings units"
"Before fbx export"
"After fbx export"
"Finished max loading and fbx conversion"
"C:/Users/EDGARO~1/DOCUME~1/PROYEC~1/Assets/ESTRUC~3.MAX"
"Starting max loading and fbx conversion"
window = undefined
"Settings units"
"Before fbx export"
"After fbx export"
"Finished max loading and fbx conversion"
"C:/Users/EDGARO~1/DOCUME~1/PROYEC~1/Assets/ESTRUC~3.MAX"
"Starting max loading and fbx conversion"
window = undefined
"Settings units"
"Before fbx export"
"After fbx export"
"Finished max loading and fbx conversion"
"C:/Users/EDGARO~1/DOCUME~1/PROYEC~1/Assets/ESTRUC~3.MAX"
"Starting max loading and fbx conversion"
window = undefined
"Settings units"
"Before fbx export"
"After fbx export"
"Finished max loading and fbx conversion"
"C:/Users/EDGARO~1/DOCUME~1/PROYEC~1/Assets/ESTRUC~3.MAX"
"Starting max loading and fbx conversion"
window = undefined
"Settings units"
"Before fbx export"
"After fbx export"
"Finished max loading and fbx conversion"
"C:/Users/EDGARO~1/DOCUME~1/PROYEC~1/Assets/ESTRUC~3.MAX"
"Starting max loading and fbx conversion"
window = undefined
"Settings units"
"Before fbx export"
"After fbx export"
"Finished max loading and fbx conversion"
"C:/Users/EDGARO~1/DOCUME~1/PROYEC~1/Assets/ESTRUC~3.MAX"
"Starting max loading and fbx conversion"
window = undefined
"Settings units"
"Before fbx export"
"After fbx export"
"Finished max loading and fbx conversion"
"C:/Users/EDGARO~1/DOCUME~1/PROYEC~1/Assets/ESTRUC~2.MAX"
"Starting max loading and fbx conversion"
window = undefined
"Settings units"
"Before fbx export"
"After fbx export"
"Finished max loading and fbx conversion"
"C:/Users/EDGARO~1/DOCUME~1/PROYEC~1/Assets/ESTRUC~2.MAX"
"Starting max loading and fbx conversion"
window = undefined
"Settings units"
"Before fbx export"
"After fbx export"
"Finished max loading and fbx conversion"
"C:/Users/EDGARO~1/DOCUME~1/PROYEC~1/Assets/ESTRUC~2.MAX"
"Starting max loading and fbx conversion"
window = undefined
"Settings units"
"Before fbx export"
"After fbx export"
"Finished max loading and fbx conversion"
"C:/Users/EDGARO~1/DOCUME~1/PROYEC~1/Assets/ESTRUC~1.MAX"
"Starting max loading and fbx conversion"
window = undefined
"Settings units"
"Before fbx export"
"After fbx export"
"Finished max loading and fbx conversion"
